The system is: Linux - 4.4.0-19041-Microsoft - x86_64
Compiling the C compiler identification source file "CMakeCCompilerId.c" succeeded.
Compiler: /usr/bin/cc 
Build flags: 
Id flags:  

The output was:
0


Compilation of the C compiler identification source "CMakeCCompilerId.c" produced "a.out"

The C compiler identification is GNU, found in "/mnt/d/code/games202/hw2/Assignment2/prt/build/CMakeFiles/3.16.3/CompilerIdC/a.out"

Compiling the CXX compiler identification source file "CMakeCXXCompilerId.cpp" succeeded.
Compiler: /usr/bin/c++ 
Build flags: 
Id flags:  

The output was:
0


Compilation of the CXX compiler identification source "CMakeCXXCompilerId.cpp" produced "a.out"

The CXX compiler identification is GNU, found in "/mnt/d/code/games202/hw2/Assignment2/prt/build/CMakeFiles/3.16.3/CompilerIdCXX/a.out"

Determining if the C compiler works passed with the following output:
Change Dir: /mnt/d/code/games202/hw2/Assignment2/prt/build/CMakeFiles/CMakeTmp

Run Build Command(s):/usr/bin/make cmTC_a07f9/fast && /usr/bin/make -f CMakeFiles/cmTC_a07f9.dir/build.make CMakeFiles/cmTC_a07f9.dir/build
make[1]: Entering directory '/mnt/d/code/games202/hw2/Assignment2/prt/build/CMakeFiles/CMakeTmp'
Building C object CMakeFiles/cmTC_a07f9.dir/testCCompiler.c.o
/usr/bin/cc    -o CMakeFiles/cmTC_a07f9.dir/testCCompiler.c.o   -c /mnt/d/code/games202/hw2/Assignment2/prt/build/CMakeFiles/CMakeTmp/testCCompiler.c
Linking C executable cmTC_a07f9
/usr/bin/cmake -E cmake_link_script CMakeFiles/cmTC_a07f9.dir/link.txt --verbose=1
/usr/bin/cc      -rdynamic CMakeFiles/cmTC_a07f9.dir/testCCompiler.c.o  -o cmTC_a07f9 
make[1]: Leaving directory '/mnt/d/code/games202/hw2/Assignment2/prt/build/CMakeFiles/CMakeTmp'



Determining if the CXX compiler works passed with the following output:
Change Dir: /mnt/d/code/games202/hw2/Assignment2/prt/build/CMakeFiles/CMakeTmp

Run Build Command(s):/usr/bin/make cmTC_2bb6f/fast && /usr/bin/make -f CMakeFiles/cmTC_2bb6f.dir/build.make CMakeFiles/cmTC_2bb6f.dir/build
make[1]: Entering directory '/mnt/d/code/games202/hw2/Assignment2/prt/build/CMakeFiles/CMakeTmp'
Building CXX object CMakeFiles/cmTC_2bb6f.dir/testCXXCompiler.cxx.o
/usr/bin/c++     -o CMakeFiles/cmTC_2bb6f.dir/testCXXCompiler.cxx.o -c /mnt/d/code/games202/hw2/Assignment2/prt/build/CMakeFiles/CMakeTmp/testCXXCompiler.cxx
Linking CXX executable cmTC_2bb6f
/usr/bin/cmake -E cmake_link_script CMakeFiles/cmTC_2bb6f.dir/link.txt --verbose=1
/usr/bin/c++       -rdynamic CMakeFiles/cmTC_2bb6f.dir/testCXXCompiler.cxx.o  -o cmTC_2bb6f 
make[1]: Leaving directory '/mnt/d/code/games202/hw2/Assignment2/prt/build/CMakeFiles/CMakeTmp'



Performing C++ SOURCE FILE Test HAS_CPP14_FLAG succeeded with the following output:
Change Dir: /mnt/d/code/games202/hw2/Assignment2/prt/build/CMakeFiles/CMakeTmp

Run Build Command(s):/usr/bin/make cmTC_ee401/fast && /usr/bin/make -f CMakeFiles/cmTC_ee401.dir/build.make CMakeFiles/cmTC_ee401.dir/build
make[1]: Entering directory '/mnt/d/code/games202/hw2/Assignment2/prt/build/CMakeFiles/CMakeTmp'
Building CXX object CMakeFiles/cmTC_ee401.dir/src.cxx.o
/usr/bin/c++    -DHAS_CPP14_FLAG   -std=c++14 -o CMakeFiles/cmTC_ee401.dir/src.cxx.o -c /mnt/d/code/games202/hw2/Assignment2/prt/build/CMakeFiles/CMakeTmp/src.cxx
Linking CXX executable cmTC_ee401
/usr/bin/cmake -E cmake_link_script CMakeFiles/cmTC_ee401.dir/link.txt --verbose=1
/usr/bin/c++   -DHAS_CPP14_FLAG    -rdynamic CMakeFiles/cmTC_ee401.dir/src.cxx.o  -o cmTC_ee401 
make[1]: Leaving directory '/mnt/d/code/games202/hw2/Assignment2/prt/build/CMakeFiles/CMakeTmp'


Source file was:
int main() { return 0; }
Performing C++ SOURCE FILE Test HAS_CPP11_FLAG succeeded with the following output:
Change Dir: /mnt/d/code/games202/hw2/Assignment2/prt/build/CMakeFiles/CMakeTmp

Run Build Command(s):/usr/bin/make cmTC_7d4e8/fast && /usr/bin/make -f CMakeFiles/cmTC_7d4e8.dir/build.make CMakeFiles/cmTC_7d4e8.dir/build
make[1]: Entering directory '/mnt/d/code/games202/hw2/Assignment2/prt/build/CMakeFiles/CMakeTmp'
Building CXX object CMakeFiles/cmTC_7d4e8.dir/src.cxx.o
/usr/bin/c++    -DHAS_CPP11_FLAG   -std=c++11 -o CMakeFiles/cmTC_7d4e8.dir/src.cxx.o -c /mnt/d/code/games202/hw2/Assignment2/prt/build/CMakeFiles/CMakeTmp/src.cxx
Linking CXX executable cmTC_7d4e8
/usr/bin/cmake -E cmake_link_script CMakeFiles/cmTC_7d4e8.dir/link.txt --verbose=1
/usr/bin/c++   -DHAS_CPP11_FLAG    -rdynamic CMakeFiles/cmTC_7d4e8.dir/src.cxx.o  -o cmTC_7d4e8 
make[1]: Leaving directory '/mnt/d/code/games202/hw2/Assignment2/prt/build/CMakeFiles/CMakeTmp'


Source file was:
int main() { return 0; }
